<html>
<body>
<pre>
<h1>Vision Build Log</h1>
<h2>Project:</h2>
E:\work\ZR-3500\ZR-3500-FOUR-PRO\ZR-3500-FOUR-PRO-V1.0\USER\Template.uvproj
Project File Date:  09/10/2015

<h2>Output:</h2>
Build target 'Template'
linking...
Program Size: Code=5256 RO-data=424 RW-data=48 ZI-data=1832  
FromELF: creating hex file...
"..\OBJ\Template.axf" - 0 Error(s), 0 Warning(s).
</pre>
</body>
</html>
_crc.c...
compiling stm32f4xx_cryp.c...
compiling stm32f4xx_cryp_aes.c...
compiling stm32f4xx_cryp_des.c...
compiling stm32f4xx_cryp_tdes.c...
compiling stm32f4xx_dac.c...
compiling stm32f4xx_dbgmcu.c...
compiling stm32f4xx_dcmi.c...
compiling stm32f4xx_dma2d.c...
compiling stm32f4xx_dma.c...
compiling stm32f4xx_exti.c...
compiling stm32f4xx_flash.c...
compiling stm32f4xx_flash_ramfunc.c...
compiling stm32f4xx_fsmc.c...
compiling stm32f4xx_gpio.c...
compiling stm32f4xx_hash.c...
compiling stm32f4xx_hash_md5.c...
compiling stm32f4xx_hash_sha1.c...
compiling stm32f4xx_i2c.c...
compiling stm32f4xx_iwdg.c...
compiling stm32f4xx_ltdc.c...
compiling stm32f4xx_pwr.c...
compiling stm32f4xx_rcc.c...
compiling stm32f4xx_rng.c...
compiling stm32f4xx_rtc.c...
compiling stm32f4xx_sai.c...
compiling stm32f4xx_sdio.c...
compiling stm32f4xx_spi.c...
compiling stm32f4xx_syscfg.c...
compiling stm32f4xx_tim.c...
compiling stm32f4xx_usart.c...
compiling stm32f4xx_wwdg.c...
compiling delay.c...
compiling sys.c...
compiling usart.c...
compiling 18b20.c...
linking...
Program Size: Code=5256 RO-data=424 RW-data=48 ZI-data=1832  
FromELF: creating hex file...
"..\OBJ\Template.axf" - 0 Error(s), 0 Warning(s).
ysTick_CLKSource_HCLK_Div8" is undefined
        SysTick_CLKSourceConfig(SysTick_CLKSource_HCLK_Div8);
..\SYSTEM\delay\delay.c: 1 warning, 1 error
compiling sys.c...
compiling usart.c...
..\SYSTEM\usart\usart.c(76): error:  #20: identifier "NVIC_InitTypeDef" is undefined
        NVIC_InitTypeDef NVIC_InitStructure;
..\SYSTEM\usart\usart.c(114): warning:  #223-D: function "NVIC_Init" declared implicitly
        NVIC_Init(&NVIC_InitStructure); //根据指定的参数初始化VIC寄存器、
..\SYSTEM\usart\usart.c: 1 warning, 1 error
compiling 18b20.c...
"..\OBJ\Template.axf" - 2 Error(s), 2 Warning(s).
Target not created

..\SYSTEM\usart\usart.c(78): warning:  #223-D: function "RCC_AHB1PeriphClockCmd" declared implicitly
        RCC_AHB1PeriphClockCmd(RCC_AHB1Periph_GPIOA,ENABLE); //使能GPIOA时钟
..\SYSTEM\usart\usart.c(78): error:  #20: identifier "RCC_AHB1Periph_GPIOA" is undefined
        RCC_AHB1PeriphClockCmd(RCC_AHB1Periph_GPIOA,ENABLE); //使能GPIOA时钟
..\SYSTEM\usart\usart.c(79): warning:  #223-D: function "RCC_APB2PeriphClockCmd" declared implicitly
        RCC_APB2PeriphClockCmd(RCC_APB2Periph_USART1,ENABLE);//使能USART1时钟
..\SYSTEM\usart\usart.c(79): error:  #20: identifier "RCC_APB2Periph_USART1" is undefined
        RCC_APB2PeriphClockCmd(RCC_APB2Periph_USART1,ENABLE);//使能USART1时钟
..\SYSTEM\usart\usart.c(114): warning:  #223-D: function "NVIC_Init" declared implicitly
        NVIC_Init(&NVIC_InitStructure); //根据指定的参数初始化VIC寄存器、
..\SYSTEM\usart\usart.c: 3 warnings, 3 errors
compiling 18b20.c...
..\HARDWARE\18b20\18b20.c(23): warning:  #223-D: function "RCC_AHB1PeriphClockCmd" declared implicitly
        RCC_AHB1PeriphClockCmd(RCC_AHB1Periph_GPIOD, ENABLE);
..\HARDWARE\18b20\18b20.c(23): error:  #20: identifier "RCC_AHB1Periph_GPIOD" is undefined
        RCC_AHB1PeriphClockCmd(RCC_AHB1Periph_GPIOD, ENABLE);
..\HARDWARE\18b20\18b20.c(31): error:  #20: identifier "RCC_AHB1Periph_GPIOE" is undefined
        RCC_AHB1PeriphClockCmd(RCC_AHB1Periph_GPIOE, ENABLE);
..\HARDWARE\18b20\18b20.c(44): warning:  #223-D: function "RCC_AHB1PeriphClockCmd" declared implicitly
        RCC_AHB1PeriphClockCmd(RCC_AHB1Periph_GPIOD, ENABLE);
..\HARDWARE\18b20\18b20.c(44): error:  #20: identifier "RCC_AHB1Periph_GPIOD" is undefined
        RCC_AHB1PeriphClockCmd(RCC_AHB1Periph_GPIOD, ENABLE);
..\HARDWARE\18b20\18b20.c(50): error:  #20: identifier "RCC_AHB1Periph_GPIOE" is undefined
        RCC_AHB1PeriphClockCmd(RCC_AHB1Periph_GPIOE, ENABLE);
..\HARDWARE\18b20\18b20.c: 2 warnings, 4 errors
"..\OBJ\Template.axf" - 9 Error(s), 7 Warning(s).
Target not created
e); //初始化串口1
..\SYSTEM\usart\usart.c(102): warning:  #223-D: function "USART_Cmd" declared implicitly
    USART_Cmd(USART1, ENABLE);  //使能串口1 
..\SYSTEM\usart\usart.c(104): warning:  #223-D: function "USART_ClearFlag" declared implicitly
        USART_ClearFlag(USART1, USART_FLAG_TC);
..\SYSTEM\usart\usart.c(104): error:  #20: identifier "USART_FLAG_TC" is undefined
        USART_ClearFlag(USART1, USART_FLAG_TC);
..\SYSTEM\usart\usart.c(107): warning:  #223-D: function "USART_ITConfig" declared implicitly
        USART_ITConfig(USART1, USART_IT_RXNE, ENABLE);//开启相关中断
..\SYSTEM\usart\usart.c(107): error:  #20: identifier "USART_IT_RXNE" is undefined
        USART_ITConfig(USART1, USART_IT_RXNE, ENABLE);//开启相关中断
..\SYSTEM\usart\usart.c(114): warning:  #223-D: function "NVIC_Init" declared implicitly
        NVIC_Init(&NVIC_InitStructure); //根据指定的参数初始化VIC寄存器、
..\SYSTEM\usart\usart.c(127): warning:  #223-D: function "USART_GetITStatus" declared implicitly
        if(USART_GetITStatus(USART1, USART_IT_RXNE) != RESET)  //接收中断(接收到的数据必须是0x0d 0x0a结尾)
..\SYSTEM\usart\usart.c(127): error:  #20: identifier "USART_IT_RXNE" is undefined
        if(USART_GetITStatus(USART1, USART_IT_RXNE) != RESET)  //接收中断(接收到的数据必须是0x0d 0x0a结尾)
..\SYSTEM\usart\usart.c(129): warning:  #223-D: function "USART_ReceiveData" declared implicitly
                Res =USART_ReceiveData(USART1);//(USART1->DR);  //读取接收到的数据
..\SYSTEM\usart\usart.c: 9 warnings, 13 errors
compiling 18b20.c...
..\HARDWARE\18b20\18b20.c(23): warning:  #223-D: function "RCC_AHB1PeriphClockCmd" declared implicitly
        RCC_AHB1PeriphClockCmd(RCC_AHB1Periph_GPIOD, ENABLE);
..\HARDWARE\18b20\18b20.c(23): error:  #20: identifier "RCC_AHB1Periph_GPIOD" is undefined
        RCC_AHB1PeriphClockCmd(RCC_AHB1Periph_GPIOD, ENABLE);
..\HARDWARE\18b20\18b20.c(31): error:  #20: identifier "RCC_AHB1Periph_GPIOE" is undefined
        RCC_AHB1PeriphClockCmd(RCC_AHB1Periph_GPIOE, ENABLE);
..\HARDWARE\18b20\18b20.c(44): warning:  #223-D: function "RCC_AHB1PeriphClockCmd" declared implicitly
        RCC_AHB1PeriphClockCmd(RCC_AHB1Periph_GPIOD, ENABLE);
..\HARDWARE\18b20\18b20.c(44): error:  #20: identifier "RCC_AHB1Periph_GPIOD" is undefined
        RCC_AHB1PeriphClockCmd(RCC_AHB1Periph_GPIOD, ENABLE);
..\HARDWARE\18b20\18b20.c(50): error:  #20: identifier "RCC_AHB1Periph_GPIOE" is undefined
        RCC_AHB1PeriphClockCmd(RCC_AHB1Periph_GPIOE, ENABLE);
..\HARDWARE\18b20\18b20.c: 2 warnings, 4 errors
"..\OBJ\Template.axf" - 19 Error(s), 13 Warning(s).
Target not created
